Library/Bee/Android/Prj/Mono2x/Gradle/launcher/build/intermediates/manifest_merge_blame_file/debug/manifest-merger-blame-debug-report.txt
1<?xml version="1.0" encoding="utf-8"?>
2<manifest xmlns:android="http://schemas.android.com/apk/res/android"
3    package="com.DefaultCompany.DonemProjesi"
4    android:installLocation="preferExternal"
5    android:versionCode="1"
6    android:versionName="1.0" >
7
8    <uses-sdk
9        android:minSdkVersion="22"
9-->src\main\AndroidManifest.xml
10        android:targetSdkVersion="32" />
10-->src\main\AndroidManifest.xml
11
12    <supports-screens
12-->src\main\AndroidManifest.xml:4:3-163
13        android:anyDensity="true"
13-->src\main\AndroidManifest.xml:4:135-160
14        android:largeScreens="true"
14-->src\main\AndroidManifest.xml:4:78-105
15        android:normalScreens="true"
15-->src\main\AndroidManifest.xml:4:49-77
16        android:smallScreens="true"
16-->src\main\AndroidManifest.xml:4:21-48
17        android:xlargeScreens="true" />
17-->src\main\AndroidManifest.xml:4:106-134
18
19    <uses-permission android:name="android.permission.INTERNET" />
19-->[:unityLibrary] AndroidManifest.xml:10:5-67
19-->[:unityLibrary] AndroidManifest.xml:10:22-64
20
21    <uses-feature android:glEsVersion="0x00030000" />
21-->[:unityLibrary] AndroidManifest.xml:12:5-54
21-->[:unityLibrary] AndroidManifest.xml:12:19-51
22    <uses-feature
22-->[:unityLibrary] AndroidManifest.xml:13:5-15:36
23        android:name="android.hardware.vulkan.version"
23-->[:unityLibrary] AndroidManifest.xml:14:9-55
24        android:required="false" />
24-->[:unityLibrary] AndroidManifest.xml:15:9-33
25    <uses-feature
25-->[:unityLibrary] AndroidManifest.xml:16:5-18:36
26        android:name="android.hardware.touchscreen"
26-->[:unityLibrary] AndroidManifest.xml:17:9-52
27        android:required="false" />
27-->[:unityLibrary] AndroidManifest.xml:18:9-33
28    <uses-feature
28-->[:unityLibrary] AndroidManifest.xml:19:5-21:36
29        android:name="android.hardware.touchscreen.multitouch"
29-->[:unityLibrary] AndroidManifest.xml:20:9-63
30        android:required="false" />
30-->[:unityLibrary] AndroidManifest.xml:21:9-33
31    <uses-feature
31-->[:unityLibrary] AndroidManifest.xml:22:5-24:36
32        android:name="android.hardware.touchscreen.multitouch.distinct"
32-->[:unityLibrary] AndroidManifest.xml:23:9-72
33        android:required="false" />
33-->[:unityLibrary] AndroidManifest.xml:24:9-33
34
35    <application
35-->src\main\AndroidManifest.xml:3:3-83
36        android:debuggable="true"
37        android:extractNativeLibs="true"
37-->[:unityLibrary] AndroidManifest.xml:26:18-50
38        android:icon="@mipmap/app_icon"
38-->src\main\AndroidManifest.xml:3:49-80
39        android:label="@string/app_name" >
39-->src\main\AndroidManifest.xml:3:16-48
40        <meta-data
40-->[:unityLibrary] AndroidManifest.xml:27:9-29:33
41            android:name="unity.splash-mode"
41-->[:unityLibrary] AndroidManifest.xml:28:13-45
42            android:value="0" />
42-->[:unityLibrary] AndroidManifest.xml:29:13-30
43        <meta-data
43-->[:unityLibrary] AndroidManifest.xml:30:9-32:36
44            android:name="unity.splash-enable"
44-->[:unityLibrary] AndroidManifest.xml:31:13-47
45            android:value="True" />
45-->[:unityLibrary] AndroidManifest.xml:32:13-33
46        <meta-data
46-->[:unityLibrary] AndroidManifest.xml:33:9-35:36
47            android:name="unity.launch-fullscreen"
47-->[:unityLibrary] AndroidManifest.xml:34:13-51
48            android:value="True" />
48-->[:unityLibrary] AndroidManifest.xml:35:13-33
49        <meta-data
49-->[:unityLibrary] AndroidManifest.xml:36:9-38:50
50            android:name="notch.config"
50-->[:unityLibrary] AndroidManifest.xml:37:13-40
51            android:value="portrait|landscape" />
51-->[:unityLibrary] AndroidManifest.xml:38:13-47
52        <meta-data
52-->[:unityLibrary] AndroidManifest.xml:39:9-41:36
53            android:name="unity.auto-report-fully-drawn"
53-->[:unityLibrary] AndroidManifest.xml:40:13-57
54            android:value="true" />
54-->[:unityLibrary] AndroidManifest.xml:41:13-33
55
56        <activity
56-->[:unityLibrary] AndroidManifest.xml:43:9-64:20
57            android:name="com.unity3d.player.UnityPlayerActivity"
57-->[:unityLibrary] AndroidManifest.xml:44:13-66
58            android:configChanges="mcc|mnc|locale|touchscreen|keyboard|keyboardHidden|navigation|orientation|screenLayout|uiMode|screenSize|smallestScreenSize|fontScale|layoutDirection|density"
58-->[:unityLibrary] AndroidManifest.xml:45:13-194
59            android:exported="true"
59-->[:unityLibrary] AndroidManifest.xml:46:13-36
60            android:hardwareAccelerated="false"
60-->[:unityLibrary] AndroidManifest.xml:47:13-48
61            android:launchMode="singleTask"
61-->[:unityLibrary] AndroidManifest.xml:48:13-44
62            android:resizeableActivity="false"
62-->[:unityLibrary] AndroidManifest.xml:49:13-47
63            android:screenOrientation="fullUser"
63-->[:unityLibrary] AndroidManifest.xml:50:13-49
64            android:theme="@style/UnityThemeSelector" >
64-->[:unityLibrary] AndroidManifest.xml:51:13-54
65            <intent-filter>
65-->[:unityLibrary] AndroidManifest.xml:52:13-56:29
66                <category android:name="android.intent.category.LAUNCHER" />
66-->[:unityLibrary] AndroidManifest.xml:53:17-77
66-->[:unityLibrary] AndroidManifest.xml:53:27-74
67
68                <action android:name="android.intent.action.MAIN" />
68-->[:unityLibrary] AndroidManifest.xml:55:17-69
68-->[:unityLibrary] AndroidManifest.xml:55:25-66
69            </intent-filter>
70
71            <meta-data
71-->[:unityLibrary] AndroidManifest.xml:58:13-60:40
72                android:name="unityplayer.UnityActivity"
72-->[:unityLibrary] AndroidManifest.xml:59:17-57
73                android:value="true" />
73-->[:unityLibrary] AndroidManifest.xml:60:17-37
74            <meta-data
74-->[:unityLibrary] AndroidManifest.xml:61:13-63:40
75                android:name="notch_support"
75-->[:unityLibrary] AndroidManifest.xml:62:17-45
76                android:value="true" />
76-->[:unityLibrary] AndroidManifest.xml:63:17-37
77        </activity>
78    </application>
79
80</manifest>